info: Trying to connect to Redis {"timestamp":"2023-09-26T07:36:12.536Z"}
info: Redis Connectin Successful {"timestamp":"2023-09-26T07:36:12.570Z"}
info: Redis store initialized {"timestamp":"2023-09-26T07:36:12.571Z"}
info: Group : {"timestamp":"2023-09-26T07:36:12.905Z"}
info: Group : {"timestamp":"2023-09-26T07:36:12.908Z"}
info: Group : {"timestamp":"2023-09-26T07:36:12.910Z"}
info: Group : {"timestamp":"2023-09-26T07:36:12.924Z"}
info: Group : {"timestamp":"2023-09-26T07:36:12.931Z"}
info: User: {"timestamp":"2023-09-26T07:36:12.933Z"}
info: User: {"timestamp":"2023-09-26T07:36:12.934Z"}
info: Trying to connect to Redis {"timestamp":"2023-09-26T07:38:32.394Z"}
info: Redis Connectin Successful {"timestamp":"2023-09-26T07:38:32.438Z"}
info: Redis store initialized {"timestamp":"2023-09-26T07:38:32.438Z"}
info: Group : {"timestamp":"2023-09-26T07:38:32.710Z"}
info: Group : {"timestamp":"2023-09-26T07:38:32.712Z"}
info: Group : {"timestamp":"2023-09-26T07:38:32.717Z"}
info: Group : {"timestamp":"2023-09-26T07:38:32.724Z"}
info: Group : {"timestamp":"2023-09-26T07:38:32.733Z"}
info: User: {"timestamp":"2023-09-26T07:38:32.735Z"}
info: User: {"timestamp":"2023-09-26T07:38:32.739Z"}
info: Trying to connect to Redis {"timestamp":"2023-09-26T07:38:52.816Z"}
info: Redis Connectin Successful {"timestamp":"2023-09-26T07:38:52.851Z"}
info: Redis store initialized {"timestamp":"2023-09-26T07:38:52.852Z"}
info: Group : {"timestamp":"2023-09-26T07:38:53.093Z"}
info: Group : {"timestamp":"2023-09-26T07:38:53.094Z"}
info: Group : {"timestamp":"2023-09-26T07:38:53.105Z"}
info: Group : {"timestamp":"2023-09-26T07:38:53.111Z"}
info: User: {"timestamp":"2023-09-26T07:38:53.115Z"}
info: User: {"timestamp":"2023-09-26T07:38:53.115Z"}
info: Group : {"timestamp":"2023-09-26T07:38:53.116Z"}
info: Trying to connect to Redis {"timestamp":"2023-09-26T07:39:27.721Z"}
info: Redis Connectin Successful {"timestamp":"2023-09-26T07:39:27.753Z"}
info: Redis store initialized {"timestamp":"2023-09-26T07:39:27.754Z"}
info: Group : {"timestamp":"2023-09-26T07:39:27.981Z"}
info: Group : {"timestamp":"2023-09-26T07:39:27.991Z"}
info: Group : {"timestamp":"2023-09-26T07:39:27.995Z"}
info: Group : {"timestamp":"2023-09-26T07:39:28.003Z"}
info: User: {"timestamp":"2023-09-26T07:39:28.004Z"}
info: Group : {"timestamp":"2023-09-26T07:39:28.006Z"}
info: User: {"timestamp":"2023-09-26T07:39:28.012Z"}
info: Trying to connect to Redis {"timestamp":"2023-09-26T07:58:52.018Z"}
info: Redis Connectin Successful {"timestamp":"2023-09-26T07:58:52.070Z"}
info: Redis store initialized {"timestamp":"2023-09-26T07:58:52.070Z"}
info: Group : {"timestamp":"2023-09-26T07:58:52.414Z"}
info: Group : {"timestamp":"2023-09-26T07:58:52.432Z"}
info: Group : {"timestamp":"2023-09-26T07:58:52.433Z"}
info: Group : {"timestamp":"2023-09-26T07:58:52.436Z"}
info: Group : {"timestamp":"2023-09-26T07:58:52.438Z"}
info: User: {"timestamp":"2023-09-26T07:58:52.442Z"}
info: User: {"timestamp":"2023-09-26T07:58:52.448Z"}
info: Trying to connect to Redis {"timestamp":"2023-09-26T08:00:16.755Z"}
info: Redis Connectin Successful {"timestamp":"2023-09-26T08:00:16.793Z"}
info: Redis store initialized {"timestamp":"2023-09-26T08:00:16.793Z"}
info: Group : {"timestamp":"2023-09-26T08:00:17.119Z"}
info: Group : {"timestamp":"2023-09-26T08:00:17.124Z"}
info: Group : {"timestamp":"2023-09-26T08:00:17.126Z"}
info: Group : {"timestamp":"2023-09-26T08:00:17.130Z"}
info: Group : {"timestamp":"2023-09-26T08:00:17.134Z"}
info: User: {"timestamp":"2023-09-26T08:00:17.140Z"}
info: User: {"timestamp":"2023-09-26T08:00:17.142Z"}
info: Trying to connect to Redis {"timestamp":"2023-09-26T08:01:29.673Z"}
info: Redis Connectin Successful {"timestamp":"2023-09-26T08:01:29.711Z"}
info: Redis store initialized {"timestamp":"2023-09-26T08:01:29.711Z"}
info: Group : {"timestamp":"2023-09-26T08:01:30.089Z"}
info: Group : {"timestamp":"2023-09-26T08:01:30.095Z"}
info: Group : {"timestamp":"2023-09-26T08:01:30.098Z"}
info: Group : {"timestamp":"2023-09-26T08:01:30.106Z"}
info: Group : {"timestamp":"2023-09-26T08:01:30.125Z"}
info: User: {"timestamp":"2023-09-26T08:01:30.126Z"}
info: User: {"timestamp":"2023-09-26T08:01:30.127Z"}
info: Trying to connect to Redis {"timestamp":"2023-09-26T08:01:48.492Z"}
info: Redis Connectin Successful {"timestamp":"2023-09-26T08:01:48.537Z"}
info: Redis store initialized {"timestamp":"2023-09-26T08:01:48.538Z"}
info: Group : {"timestamp":"2023-09-26T08:01:48.846Z"}
info: Group : {"timestamp":"2023-09-26T08:01:48.864Z"}
info: Group : {"timestamp":"2023-09-26T08:01:48.865Z"}
info: Group : {"timestamp":"2023-09-26T08:01:48.870Z"}
info: Group : {"timestamp":"2023-09-26T08:01:48.879Z"}
info: User: {"timestamp":"2023-09-26T08:01:48.880Z"}
info: User: {"timestamp":"2023-09-26T08:01:48.884Z"}
info: Trying to connect to Redis {"timestamp":"2023-09-26T08:04:13.226Z"}
info: Redis Connectin Successful {"timestamp":"2023-09-26T08:04:13.266Z"}
info: Redis store initialized {"timestamp":"2023-09-26T08:04:13.267Z"}
info: Group : {"timestamp":"2023-09-26T08:04:13.524Z"}
info: Group : {"timestamp":"2023-09-26T08:04:13.526Z"}
info: Group : {"timestamp":"2023-09-26T08:04:13.536Z"}
info: Group : {"timestamp":"2023-09-26T08:04:13.538Z"}
info: Group : {"timestamp":"2023-09-26T08:04:13.544Z"}
info: User: {"timestamp":"2023-09-26T08:04:13.544Z"}
info: User: {"timestamp":"2023-09-26T08:04:13.545Z"}
info: Trying to connect to Redis {"timestamp":"2023-09-26T08:04:48.678Z"}
info: Redis Connectin Successful {"timestamp":"2023-09-26T08:04:48.712Z"}
info: Redis store initialized {"timestamp":"2023-09-26T08:04:48.713Z"}
info: Group : {"timestamp":"2023-09-26T08:04:49.015Z"}
info: Group : {"timestamp":"2023-09-26T08:04:49.019Z"}
info: Group : {"timestamp":"2023-09-26T08:04:49.032Z"}
info: Group : {"timestamp":"2023-09-26T08:04:49.041Z"}
info: Group : {"timestamp":"2023-09-26T08:04:49.045Z"}
info: User: {"timestamp":"2023-09-26T08:04:49.046Z"}
info: User: {"timestamp":"2023-09-26T08:04:49.049Z"}
info: Trying to connect to Redis {"timestamp":"2023-09-26T08:05:42.673Z"}
info: Redis Connectin Successful {"timestamp":"2023-09-26T08:05:42.703Z"}
info: Redis store initialized {"timestamp":"2023-09-26T08:05:42.703Z"}
info: Group : {"timestamp":"2023-09-26T08:05:43.143Z"}
info: Group : {"timestamp":"2023-09-26T08:05:43.168Z"}
info: Group : {"timestamp":"2023-09-26T08:05:43.171Z"}
info: User: {"timestamp":"2023-09-26T08:05:43.180Z"}
info: Group : {"timestamp":"2023-09-26T08:05:43.184Z"}
info: Group : {"timestamp":"2023-09-26T08:05:43.185Z"}
info: User: {"timestamp":"2023-09-26T08:05:43.189Z"}
info: Trying to connect to Redis {"timestamp":"2023-09-26T09:01:43.022Z"}
info: Redis Connectin Successful {"timestamp":"2023-09-26T09:01:43.066Z"}
info: Redis store initialized {"timestamp":"2023-09-26T09:01:43.066Z"}
info: Group : {"timestamp":"2023-09-26T09:01:43.468Z"}
info: Group : {"timestamp":"2023-09-26T09:01:43.470Z"}
info: Group : {"timestamp":"2023-09-26T09:01:43.472Z"}
info: User: {"timestamp":"2023-09-26T09:01:43.493Z"}
info: Group : {"timestamp":"2023-09-26T09:01:43.501Z"}
info: Group : {"timestamp":"2023-09-26T09:01:43.506Z"}
info: User: {"timestamp":"2023-09-26T09:01:43.513Z"}
info: Trying to connect to Redis {"timestamp":"2023-09-26T09:03:00.451Z"}
info: Redis Connectin Successful {"timestamp":"2023-09-26T09:03:00.469Z"}
info: Redis store initialized {"timestamp":"2023-09-26T09:03:00.469Z"}
info: Group : {"timestamp":"2023-09-26T09:03:00.653Z"}
info: Group : {"timestamp":"2023-09-26T09:03:00.657Z"}
info: Group : {"timestamp":"2023-09-26T09:03:00.668Z"}
info: Group : {"timestamp":"2023-09-26T09:03:00.671Z"}
info: User: {"timestamp":"2023-09-26T09:03:00.672Z"}
info: User: {"timestamp":"2023-09-26T09:03:00.673Z"}
info: Group : {"timestamp":"2023-09-26T09:03:00.674Z"}
