info: Trying to connect to Redis {"timestamp":"2023-09-26T07:36:12.536Z"}
info: Redis Connectin Successful {"timestamp":"2023-09-26T07:36:12.570Z"}
info: Redis store initialized {"timestamp":"2023-09-26T07:36:12.571Z"}
info: Group : {"timestamp":"2023-09-26T07:36:12.905Z"}
info: Group : {"timestamp":"2023-09-26T07:36:12.908Z"}
info: Group : {"timestamp":"2023-09-26T07:36:12.910Z"}
info: Group : {"timestamp":"2023-09-26T07:36:12.924Z"}
info: Group : {"timestamp":"2023-09-26T07:36:12.931Z"}
info: User: {"timestamp":"2023-09-26T07:36:12.933Z"}
info: User: {"timestamp":"2023-09-26T07:36:12.934Z"}
info: Trying to connect to Redis {"timestamp":"2023-09-26T07:38:32.394Z"}
info: Redis Connectin Successful {"timestamp":"2023-09-26T07:38:32.438Z"}
info: Redis store initialized {"timestamp":"2023-09-26T07:38:32.438Z"}
info: Group : {"timestamp":"2023-09-26T07:38:32.710Z"}
info: Group : {"timestamp":"2023-09-26T07:38:32.712Z"}
info: Group : {"timestamp":"2023-09-26T07:38:32.717Z"}
info: Group : {"timestamp":"2023-09-26T07:38:32.724Z"}
info: Group : {"timestamp":"2023-09-26T07:38:32.733Z"}
info: User: {"timestamp":"2023-09-26T07:38:32.735Z"}
info: User: {"timestamp":"2023-09-26T07:38:32.739Z"}
info: Trying to connect to Redis {"timestamp":"2023-09-26T07:38:52.816Z"}
info: Redis Connectin Successful {"timestamp":"2023-09-26T07:38:52.851Z"}
info: Redis store initialized {"timestamp":"2023-09-26T07:38:52.852Z"}
info: Group : {"timestamp":"2023-09-26T07:38:53.093Z"}
info: Group : {"timestamp":"2023-09-26T07:38:53.094Z"}
info: Group : {"timestamp":"2023-09-26T07:38:53.105Z"}
info: Group : {"timestamp":"2023-09-26T07:38:53.111Z"}
info: User: {"timestamp":"2023-09-26T07:38:53.115Z"}
info: User: {"timestamp":"2023-09-26T07:38:53.115Z"}
info: Group : {"timestamp":"2023-09-26T07:38:53.116Z"}
info: Trying to connect to Redis {"timestamp":"2023-09-26T07:39:27.721Z"}
info: Redis Connectin Successful {"timestamp":"2023-09-26T07:39:27.753Z"}
info: Redis store initialized {"timestamp":"2023-09-26T07:39:27.754Z"}
info: Group : {"timestamp":"2023-09-26T07:39:27.981Z"}
info: Group : {"timestamp":"2023-09-26T07:39:27.991Z"}
info: Group : {"timestamp":"2023-09-26T07:39:27.995Z"}
info: Group : {"timestamp":"2023-09-26T07:39:28.003Z"}
info: User: {"timestamp":"2023-09-26T07:39:28.004Z"}
info: Group : {"timestamp":"2023-09-26T07:39:28.006Z"}
info: User: {"timestamp":"2023-09-26T07:39:28.012Z"}
info: Trying to connect to Redis {"timestamp":"2023-09-26T07:58:52.018Z"}
info: Redis Connectin Successful {"timestamp":"2023-09-26T07:58:52.070Z"}
info: Redis store initialized {"timestamp":"2023-09-26T07:58:52.070Z"}
info: Group : {"timestamp":"2023-09-26T07:58:52.414Z"}
info: Group : {"timestamp":"2023-09-26T07:58:52.432Z"}
info: Group : {"timestamp":"2023-09-26T07:58:52.433Z"}
info: Group : {"timestamp":"2023-09-26T07:58:52.436Z"}
info: Group : {"timestamp":"2023-09-26T07:58:52.438Z"}
info: User: {"timestamp":"2023-09-26T07:58:52.442Z"}
info: User: {"timestamp":"2023-09-26T07:58:52.448Z"}
info: Trying to connect to Redis {"timestamp":"2023-09-26T08:00:16.755Z"}
info: Redis Connectin Successful {"timestamp":"2023-09-26T08:00:16.793Z"}
info: Redis store initialized {"timestamp":"2023-09-26T08:00:16.793Z"}
info: Group : {"timestamp":"2023-09-26T08:00:17.119Z"}
info: Group : {"timestamp":"2023-09-26T08:00:17.124Z"}
info: Group : {"timestamp":"2023-09-26T08:00:17.126Z"}
info: Group : {"timestamp":"2023-09-26T08:00:17.130Z"}
info: Group : {"timestamp":"2023-09-26T08:00:17.134Z"}
info: User: {"timestamp":"2023-09-26T08:00:17.140Z"}
info: User: {"timestamp":"2023-09-26T08:00:17.142Z"}
info: Trying to connect to Redis {"timestamp":"2023-09-26T08:01:29.673Z"}
info: Redis Connectin Successful {"timestamp":"2023-09-26T08:01:29.711Z"}
info: Redis store initialized {"timestamp":"2023-09-26T08:01:29.711Z"}
info: Group : {"timestamp":"2023-09-26T08:01:30.089Z"}
info: Group : {"timestamp":"2023-09-26T08:01:30.095Z"}
info: Group : {"timestamp":"2023-09-26T08:01:30.098Z"}
info: Group : {"timestamp":"2023-09-26T08:01:30.106Z"}
info: Group : {"timestamp":"2023-09-26T08:01:30.125Z"}
info: User: {"timestamp":"2023-09-26T08:01:30.126Z"}
info: User: {"timestamp":"2023-09-26T08:01:30.127Z"}
info: Trying to connect to Redis {"timestamp":"2023-09-26T08:01:48.492Z"}
info: Redis Connectin Successful {"timestamp":"2023-09-26T08:01:48.537Z"}
info: Redis store initialized {"timestamp":"2023-09-26T08:01:48.538Z"}
info: Group : {"timestamp":"2023-09-26T08:01:48.846Z"}
info: Group : {"timestamp":"2023-09-26T08:01:48.864Z"}
info: Group : {"timestamp":"2023-09-26T08:01:48.865Z"}
info: Group : {"timestamp":"2023-09-26T08:01:48.870Z"}
info: Group : {"timestamp":"2023-09-26T08:01:48.879Z"}
info: User: {"timestamp":"2023-09-26T08:01:48.880Z"}
info: User: {"timestamp":"2023-09-26T08:01:48.884Z"}
info: Trying to connect to Redis {"timestamp":"2023-09-26T08:04:13.226Z"}
info: Redis Connectin Successful {"timestamp":"2023-09-26T08:04:13.266Z"}
info: Redis store initialized {"timestamp":"2023-09-26T08:04:13.267Z"}
info: Group : {"timestamp":"2023-09-26T08:04:13.524Z"}
info: Group : {"timestamp":"2023-09-26T08:04:13.526Z"}
info: Group : {"timestamp":"2023-09-26T08:04:13.536Z"}
info: Group : {"timestamp":"2023-09-26T08:04:13.538Z"}
info: Group : {"timestamp":"2023-09-26T08:04:13.544Z"}
info: User: {"timestamp":"2023-09-26T08:04:13.544Z"}
info: User: {"timestamp":"2023-09-26T08:04:13.545Z"}
info: Trying to connect to Redis {"timestamp":"2023-09-26T08:04:48.678Z"}
info: Redis Connectin Successful {"timestamp":"2023-09-26T08:04:48.712Z"}
info: Redis store initialized {"timestamp":"2023-09-26T08:04:48.713Z"}
info: Group : {"timestamp":"2023-09-26T08:04:49.015Z"}
info: Group : {"timestamp":"2023-09-26T08:04:49.019Z"}
info: Group : {"timestamp":"2023-09-26T08:04:49.032Z"}
info: Group : {"timestamp":"2023-09-26T08:04:49.041Z"}
info: Group : {"timestamp":"2023-09-26T08:04:49.045Z"}
info: User: {"timestamp":"2023-09-26T08:04:49.046Z"}
info: User: {"timestamp":"2023-09-26T08:04:49.049Z"}
info: Trying to connect to Redis {"timestamp":"2023-09-26T08:05:42.673Z"}
info: Redis Connectin Successful {"timestamp":"2023-09-26T08:05:42.703Z"}
info: Redis store initialized {"timestamp":"2023-09-26T08:05:42.703Z"}
info: Group : {"timestamp":"2023-09-26T08:05:43.143Z"}
info: Group : {"timestamp":"2023-09-26T08:05:43.168Z"}
info: Group : {"timestamp":"2023-09-26T08:05:43.171Z"}
info: User: {"timestamp":"2023-09-26T08:05:43.180Z"}
info: Group : {"timestamp":"2023-09-26T08:05:43.184Z"}
info: Group : {"timestamp":"2023-09-26T08:05:43.185Z"}
info: User: {"timestamp":"2023-09-26T08:05:43.189Z"}
info: Trying to connect to Redis {"timestamp":"2023-09-26T09:01:43.022Z"}
info: Redis Connectin Successful {"timestamp":"2023-09-26T09:01:43.066Z"}
info: Redis store initialized {"timestamp":"2023-09-26T09:01:43.066Z"}
info: Group : {"timestamp":"2023-09-26T09:01:43.468Z"}
info: Group : {"timestamp":"2023-09-26T09:01:43.470Z"}
info: Group : {"timestamp":"2023-09-26T09:01:43.472Z"}
info: User: {"timestamp":"2023-09-26T09:01:43.493Z"}
info: Group : {"timestamp":"2023-09-26T09:01:43.501Z"}
info: Group : {"timestamp":"2023-09-26T09:01:43.506Z"}
info: User: {"timestamp":"2023-09-26T09:01:43.513Z"}
info: Trying to connect to Redis {"timestamp":"2023-09-26T09:03:00.451Z"}
info: Redis Connectin Successful {"timestamp":"2023-09-26T09:03:00.469Z"}
info: Redis store initialized {"timestamp":"2023-09-26T09:03:00.469Z"}
info: Group : {"timestamp":"2023-09-26T09:03:00.653Z"}
info: Group : {"timestamp":"2023-09-26T09:03:00.657Z"}
info: Group : {"timestamp":"2023-09-26T09:03:00.668Z"}
info: Group : {"timestamp":"2023-09-26T09:03:00.671Z"}
info: User: {"timestamp":"2023-09-26T09:03:00.672Z"}
info: User: {"timestamp":"2023-09-26T09:03:00.673Z"}
info: Group : {"timestamp":"2023-09-26T09:03:00.674Z"}
info: Trying to connect to Redis {"timestamp":"2023-09-26T09:41:31.244Z"}
info: Redis Connectin Successful {"timestamp":"2023-09-26T09:41:31.277Z"}
info: Redis store initialized {"timestamp":"2023-09-26T09:41:31.277Z"}
info: Group : {"timestamp":"2023-09-26T09:41:31.494Z"}
info: Group : {"timestamp":"2023-09-26T09:41:31.504Z"}
info: Group : {"timestamp":"2023-09-26T09:41:31.511Z"}
info: Group : {"timestamp":"2023-09-26T09:41:31.512Z"}
info: User: {"timestamp":"2023-09-26T09:41:31.513Z"}
info: Group : {"timestamp":"2023-09-26T09:41:31.515Z"}
info: User: {"timestamp":"2023-09-26T09:41:31.519Z"}
info: Trying to connect to Redis {"timestamp":"2023-09-26T10:02:23.498Z"}
info: Redis Connectin Successful {"timestamp":"2023-09-26T10:02:23.527Z"}
info: Redis store initialized {"timestamp":"2023-09-26T10:02:23.527Z"}
info: Group : {"timestamp":"2023-09-26T10:02:23.734Z"}
info: Group : {"timestamp":"2023-09-26T10:02:23.736Z"}
info: Group : {"timestamp":"2023-09-26T10:02:23.737Z"}
info: Group : {"timestamp":"2023-09-26T10:02:23.748Z"}
info: User: {"timestamp":"2023-09-26T10:02:23.749Z"}
info: User: {"timestamp":"2023-09-26T10:02:23.750Z"}
info: Group : {"timestamp":"2023-09-26T10:02:23.751Z"}
info: Trying to connect to Redis {"timestamp":"2023-09-26T10:02:41.630Z"}
info: Redis Connectin Successful {"timestamp":"2023-09-26T10:02:41.663Z"}
info: Redis store initialized {"timestamp":"2023-09-26T10:02:41.663Z"}
info: Group : {"timestamp":"2023-09-26T10:02:41.966Z"}
info: Group : {"timestamp":"2023-09-26T10:02:41.979Z"}
info: Group : {"timestamp":"2023-09-26T10:02:41.981Z"}
info: Group : {"timestamp":"2023-09-26T10:02:41.995Z"}
info: Group : {"timestamp":"2023-09-26T10:02:41.998Z"}
info: User: {"timestamp":"2023-09-26T10:02:42.000Z"}
info: User: {"timestamp":"2023-09-26T10:02:42.000Z"}
info: Trying to connect to Redis {"timestamp":"2023-09-26T13:44:48.740Z"}
info: Redis Connectin Successful {"timestamp":"2023-09-26T13:44:48.793Z"}
info: Redis store initialized {"timestamp":"2023-09-26T13:44:48.793Z"}
info: Group : {"timestamp":"2023-09-26T13:44:49.233Z"}
info: Group : {"timestamp":"2023-09-26T13:44:49.249Z"}
info: Group : {"timestamp":"2023-09-26T13:44:49.255Z"}
info: Group : {"timestamp":"2023-09-26T13:44:49.255Z"}
info: User: {"timestamp":"2023-09-26T13:44:49.256Z"}
info: Group : {"timestamp":"2023-09-26T13:44:49.258Z"}
info: User: {"timestamp":"2023-09-26T13:44:49.263Z"}
info: Trying to connect to Redis {"timestamp":"2023-09-26T13:47:50.258Z"}
info: Redis Connectin Successful {"timestamp":"2023-09-26T13:47:50.277Z"}
info: Redis store initialized {"timestamp":"2023-09-26T13:47:50.278Z"}
info: Group : {"timestamp":"2023-09-26T13:47:50.426Z"}
info: Group : {"timestamp":"2023-09-26T13:47:50.428Z"}
info: Group : {"timestamp":"2023-09-26T13:47:50.430Z"}
info: Group : {"timestamp":"2023-09-26T13:47:50.439Z"}
info: User: {"timestamp":"2023-09-26T13:47:50.440Z"}
info: Group : {"timestamp":"2023-09-26T13:47:50.441Z"}
info: User: {"timestamp":"2023-09-26T13:47:50.441Z"}
info: Trying to connect to Redis {"timestamp":"2023-09-26T13:48:54.196Z"}
info: Redis Connectin Successful {"timestamp":"2023-09-26T13:48:54.229Z"}
info: Redis store initialized {"timestamp":"2023-09-26T13:48:54.229Z"}
info: Group : {"timestamp":"2023-09-26T13:48:54.499Z"}
info: Group : {"timestamp":"2023-09-26T13:48:54.503Z"}
info: Group : {"timestamp":"2023-09-26T13:48:54.505Z"}
info: Group : {"timestamp":"2023-09-26T13:48:54.514Z"}
info: User: {"timestamp":"2023-09-26T13:48:54.514Z"}
info: Group : {"timestamp":"2023-09-26T13:48:54.515Z"}
info: User: {"timestamp":"2023-09-26T13:48:54.516Z"}
info: Trying to connect to Redis {"timestamp":"2023-09-26T13:49:14.589Z"}
info: Redis Connectin Successful {"timestamp":"2023-09-26T13:49:14.613Z"}
info: Redis store initialized {"timestamp":"2023-09-26T13:49:14.614Z"}
info: Group : {"timestamp":"2023-09-26T13:49:14.827Z"}
info: Group : {"timestamp":"2023-09-26T13:49:14.830Z"}
info: Group : {"timestamp":"2023-09-26T13:49:14.837Z"}
info: Group : {"timestamp":"2023-09-26T13:49:14.838Z"}
info: Group : {"timestamp":"2023-09-26T13:49:14.841Z"}
info: User: {"timestamp":"2023-09-26T13:49:14.843Z"}
info: User: {"timestamp":"2023-09-26T13:49:14.844Z"}
info: Trying to connect to Redis {"timestamp":"2023-09-26T13:58:29.983Z"}
info: Redis Connectin Successful {"timestamp":"2023-09-26T13:58:30.024Z"}
info: Redis store initialized {"timestamp":"2023-09-26T13:58:30.024Z"}
info: Group : {"timestamp":"2023-09-26T13:58:30.312Z"}
info: Group : {"timestamp":"2023-09-26T13:58:30.315Z"}
info: Group : {"timestamp":"2023-09-26T13:58:30.323Z"}
info: Group : {"timestamp":"2023-09-26T13:58:30.329Z"}
info: User: {"timestamp":"2023-09-26T13:58:30.330Z"}
info: Group : {"timestamp":"2023-09-26T13:58:30.330Z"}
info: User: {"timestamp":"2023-09-26T13:58:30.333Z"}
info: Trying to connect to Redis {"timestamp":"2023-09-26T14:00:08.734Z"}
info: Redis Connectin Successful {"timestamp":"2023-09-26T14:00:08.824Z"}
info: Redis store initialized {"timestamp":"2023-09-26T14:00:08.826Z"}
info: Group : {"timestamp":"2023-09-26T14:00:09.242Z"}
info: Group : {"timestamp":"2023-09-26T14:00:09.249Z"}
info: Group : {"timestamp":"2023-09-26T14:00:09.255Z"}
info: Group : {"timestamp":"2023-09-26T14:00:09.257Z"}
info: Group : {"timestamp":"2023-09-26T14:00:09.268Z"}
info: User: {"timestamp":"2023-09-26T14:00:09.274Z"}
info: User: {"timestamp":"2023-09-26T14:00:09.275Z"}
info: Trying to connect to Redis {"timestamp":"2023-09-26T14:01:13.427Z"}
info: Redis Connectin Successful {"timestamp":"2023-09-26T14:01:13.473Z"}
info: Redis store initialized {"timestamp":"2023-09-26T14:01:13.474Z"}
info: Group : {"timestamp":"2023-09-26T14:01:13.816Z"}
info: Group : {"timestamp":"2023-09-26T14:01:13.827Z"}
info: Group : {"timestamp":"2023-09-26T14:01:13.838Z"}
info: Group : {"timestamp":"2023-09-26T14:01:13.843Z"}
info: Group : {"timestamp":"2023-09-26T14:01:13.844Z"}
info: User: {"timestamp":"2023-09-26T14:01:13.854Z"}
info: User: {"timestamp":"2023-09-26T14:01:13.858Z"}
info: Trying to connect to Redis {"timestamp":"2023-09-26T14:02:04.006Z"}
info: Redis Connectin Successful {"timestamp":"2023-09-26T14:02:04.037Z"}
info: Redis store initialized {"timestamp":"2023-09-26T14:02:04.038Z"}
info: Group : {"timestamp":"2023-09-26T14:02:04.297Z"}
info: Group : {"timestamp":"2023-09-26T14:02:04.300Z"}
info: Group : {"timestamp":"2023-09-26T14:02:04.301Z"}
info: User: {"timestamp":"2023-09-26T14:02:04.317Z"}
info: User: {"timestamp":"2023-09-26T14:02:04.318Z"}
info: Group : {"timestamp":"2023-09-26T14:02:04.319Z"}
info: Group : {"timestamp":"2023-09-26T14:02:04.320Z"}
info: Trying to connect to Redis {"timestamp":"2023-09-26T14:04:10.368Z"}
info: Redis Connectin Successful {"timestamp":"2023-09-26T14:04:10.400Z"}
info: Redis store initialized {"timestamp":"2023-09-26T14:04:10.401Z"}
info: Group : {"timestamp":"2023-09-26T14:04:10.638Z"}
info: Group : {"timestamp":"2023-09-26T14:04:10.640Z"}
info: Group : {"timestamp":"2023-09-26T14:04:10.651Z"}
info: Group : {"timestamp":"2023-09-26T14:04:10.658Z"}
info: Group : {"timestamp":"2023-09-26T14:04:10.659Z"}
info: User: {"timestamp":"2023-09-26T14:04:10.659Z"}
info: User: {"timestamp":"2023-09-26T14:04:10.661Z"}
info: Trying to connect to Redis {"timestamp":"2023-09-28T06:14:40.541Z"}
info: Redis Connectin Successful {"timestamp":"2023-09-28T06:14:40.559Z"}
info: Redis store initialized {"timestamp":"2023-09-28T06:14:40.559Z"}
info: Group : {"timestamp":"2023-09-28T06:14:40.976Z"}
info: Group : {"timestamp":"2023-09-28T06:14:40.978Z"}
info: Group : {"timestamp":"2023-09-28T06:14:40.987Z"}
info: Group : {"timestamp":"2023-09-28T06:14:40.987Z"}
info: User: {"timestamp":"2023-09-28T06:14:40.988Z"}
info: User: {"timestamp":"2023-09-28T06:14:40.988Z"}
info: Group : {"timestamp":"2023-09-28T06:14:40.988Z"}
info: Trying to connect to Redis {"timestamp":"2023-09-28T06:17:31.362Z"}
info: Redis Connectin Successful {"timestamp":"2023-09-28T06:17:31.391Z"}
info: Redis store initialized {"timestamp":"2023-09-28T06:17:31.392Z"}
info: Group : {"timestamp":"2023-09-28T06:17:31.651Z"}
info: Group : {"timestamp":"2023-09-28T06:17:31.656Z"}
info: Group : {"timestamp":"2023-09-28T06:17:31.657Z"}
info: Group : {"timestamp":"2023-09-28T06:17:31.657Z"}
info: User: {"timestamp":"2023-09-28T06:17:31.657Z"}
info: Group : {"timestamp":"2023-09-28T06:17:31.657Z"}
info: User: {"timestamp":"2023-09-28T06:17:31.659Z"}
info: Trying to connect to Redis {"timestamp":"2023-09-28T06:21:06.581Z"}
info: Redis Connectin Successful {"timestamp":"2023-09-28T06:21:06.614Z"}
info: Redis store initialized {"timestamp":"2023-09-28T06:21:06.614Z"}
info: Group : {"timestamp":"2023-09-28T06:21:07.103Z"}
info: Group : {"timestamp":"2023-09-28T06:21:07.107Z"}
info: Group : {"timestamp":"2023-09-28T06:21:07.108Z"}
info: Group : {"timestamp":"2023-09-28T06:21:07.109Z"}
info: User: {"timestamp":"2023-09-28T06:21:07.110Z"}
info: Group : {"timestamp":"2023-09-28T06:21:07.111Z"}
info: User: {"timestamp":"2023-09-28T06:21:07.113Z"}
info: Trying to connect to Redis {"timestamp":"2023-09-28T06:24:58.253Z"}
info: Redis Connectin Successful {"timestamp":"2023-09-28T06:24:58.275Z"}
info: Redis store initialized {"timestamp":"2023-09-28T06:24:58.275Z"}
info: Group : {"timestamp":"2023-09-28T06:24:58.622Z"}
info: Group : {"timestamp":"2023-09-28T06:24:58.627Z"}
info: Group : {"timestamp":"2023-09-28T06:24:58.649Z"}
info: Group : {"timestamp":"2023-09-28T06:24:58.655Z"}
info: User: {"timestamp":"2023-09-28T06:24:58.658Z"}
info: Group : {"timestamp":"2023-09-28T06:24:58.660Z"}
info: User: {"timestamp":"2023-09-28T06:24:58.665Z"}
info: Trying to connect to Redis {"timestamp":"2023-09-28T06:57:49.880Z"}
info: Redis Connectin Successful {"timestamp":"2023-09-28T06:57:49.902Z"}
info: Redis store initialized {"timestamp":"2023-09-28T06:57:49.903Z"}
info: Group : {"timestamp":"2023-09-28T06:57:50.113Z"}
info: Group : {"timestamp":"2023-09-28T06:57:50.113Z"}
info: Group : {"timestamp":"2023-09-28T06:57:50.118Z"}
info: Group : {"timestamp":"2023-09-28T06:57:50.121Z"}
info: Group : {"timestamp":"2023-09-28T06:57:50.121Z"}
info: User: {"timestamp":"2023-09-28T06:57:50.122Z"}
info: User: {"timestamp":"2023-09-28T06:57:50.122Z"}
info: Trying to connect to Redis {"timestamp":"2023-09-28T07:24:29.079Z"}
info: Redis Connectin Successful {"timestamp":"2023-09-28T07:24:29.100Z"}
info: Redis store initialized {"timestamp":"2023-09-28T07:24:29.100Z"}
info: Group : {"timestamp":"2023-09-28T07:24:29.525Z"}
info: Group : {"timestamp":"2023-09-28T07:24:29.528Z"}
info: Group : {"timestamp":"2023-09-28T07:24:29.534Z"}
info: Group : {"timestamp":"2023-09-28T07:24:29.535Z"}
info: User: {"timestamp":"2023-09-28T07:24:29.535Z"}
info: Group : {"timestamp":"2023-09-28T07:24:29.536Z"}
info: User: {"timestamp":"2023-09-28T07:24:29.536Z"}
info: Trying to connect to Redis {"timestamp":"2023-09-28T10:16:44.837Z"}
info: Redis Connectin Successful {"timestamp":"2023-09-28T10:16:44.871Z"}
info: Redis store initialized {"timestamp":"2023-09-28T10:16:44.871Z"}
info: Group : {"timestamp":"2023-09-28T10:16:45.485Z"}
info: Group : {"timestamp":"2023-09-28T10:16:45.486Z"}
info: Group : {"timestamp":"2023-09-28T10:16:45.488Z"}
info: User: {"timestamp":"2023-09-28T10:16:45.494Z"}
info: User: {"timestamp":"2023-09-28T10:16:45.494Z"}
info: Group : {"timestamp":"2023-09-28T10:16:45.495Z"}
info: Group : {"timestamp":"2023-09-28T10:16:45.496Z"}
info: Trying to connect to Redis {"timestamp":"2023-09-28T11:51:52.789Z"}
info: Redis Connectin Successful {"timestamp":"2023-09-28T11:51:52.810Z"}
info: Redis store initialized {"timestamp":"2023-09-28T11:51:52.810Z"}
info: Group : {"timestamp":"2023-09-28T11:51:53.170Z"}
info: Group : {"timestamp":"2023-09-28T11:51:53.176Z"}
info: Group : {"timestamp":"2023-09-28T11:51:53.177Z"}
info: Group : {"timestamp":"2023-09-28T11:51:53.178Z"}
info: Group : {"timestamp":"2023-09-28T11:51:53.185Z"}
info: User: {"timestamp":"2023-09-28T11:51:53.186Z"}
info: User: {"timestamp":"2023-09-28T11:51:53.190Z"}
info: Trying to connect to Redis {"timestamp":"2023-09-28T14:09:39.693Z"}
info: Redis Connectin Successful {"timestamp":"2023-09-28T14:09:39.713Z"}
info: Redis store initialized {"timestamp":"2023-09-28T14:09:39.713Z"}
info: Group : {"timestamp":"2023-09-28T14:09:39.953Z"}
info: Group : {"timestamp":"2023-09-28T14:09:39.953Z"}
info: Group : {"timestamp":"2023-09-28T14:09:39.958Z"}
info: Group : {"timestamp":"2023-09-28T14:09:39.959Z"}
info: Group : {"timestamp":"2023-09-28T14:09:39.959Z"}
info: User: {"timestamp":"2023-09-28T14:09:39.960Z"}
info: User: {"timestamp":"2023-09-28T14:09:39.961Z"}
info: Trying to connect to Redis {"timestamp":"2023-10-24T10:54:12.938Z"}
info: Redis Connectin Successful {"timestamp":"2023-10-24T10:54:12.956Z"}
info: Redis store initialized {"timestamp":"2023-10-24T10:54:12.956Z"}
info: Group : {"timestamp":"2023-10-24T10:54:13.483Z"}
info: Group : {"timestamp":"2023-10-24T10:54:13.485Z"}
info: Group : {"timestamp":"2023-10-24T10:54:13.494Z"}
info: Group : {"timestamp":"2023-10-24T10:54:13.494Z"}
info: User: {"timestamp":"2023-10-24T10:54:13.495Z"}
info: Group : {"timestamp":"2023-10-24T10:54:13.496Z"}
info: User: {"timestamp":"2023-10-24T10:54:13.497Z"}
info: Trying to connect to Redis {"timestamp":"2023-10-24T13:48:53.776Z"}
info: Redis Connectin Successful {"timestamp":"2023-10-24T13:48:53.799Z"}
info: Redis store initialized {"timestamp":"2023-10-24T13:48:53.800Z"}
info: Group : {"timestamp":"2023-10-24T13:48:54.189Z"}
info: Group : {"timestamp":"2023-10-24T13:48:54.190Z"}
info: Group : {"timestamp":"2023-10-24T13:48:54.195Z"}
info: Group : {"timestamp":"2023-10-24T13:48:54.196Z"}
info: Group : {"timestamp":"2023-10-24T13:48:54.196Z"}
info: User: {"timestamp":"2023-10-24T13:48:54.204Z"}
info: User: {"timestamp":"2023-10-24T13:48:54.211Z"}
info: Trying to connect to Redis {"timestamp":"2023-10-25T04:57:55.972Z"}
info: Redis Connectin Successful {"timestamp":"2023-10-25T04:57:55.996Z"}
info: Redis store initialized {"timestamp":"2023-10-25T04:57:55.997Z"}
info: Group : {"timestamp":"2023-10-25T04:57:56.475Z"}
info: Group : {"timestamp":"2023-10-25T04:57:56.476Z"}
info: Group : {"timestamp":"2023-10-25T04:57:56.478Z"}
info: Group : {"timestamp":"2023-10-25T04:57:56.488Z"}
info: User: {"timestamp":"2023-10-25T04:57:56.489Z"}
info: Group : {"timestamp":"2023-10-25T04:57:56.489Z"}
info: User: {"timestamp":"2023-10-25T04:57:56.490Z"}
info: Trying to connect to Redis {"timestamp":"2023-10-26T12:13:58.435Z"}
info: Redis Connectin Successful {"timestamp":"2023-10-26T12:13:58.454Z"}
info: Redis store initialized {"timestamp":"2023-10-26T12:13:58.454Z"}
info: Group : {"timestamp":"2023-10-26T12:13:58.929Z"}
info: Group : {"timestamp":"2023-10-26T12:13:58.930Z"}
info: Group : {"timestamp":"2023-10-26T12:13:58.931Z"}
info: Group : {"timestamp":"2023-10-26T12:13:58.937Z"}
info: User: {"timestamp":"2023-10-26T12:13:58.937Z"}
info: User: {"timestamp":"2023-10-26T12:13:58.938Z"}
info: Group : {"timestamp":"2023-10-26T12:13:58.939Z"}
info: Trying to connect to Redis {"timestamp":"2023-10-26T12:15:32.456Z"}
error: error connectibg redis  redisClient is not defined {"stack":"ReferenceError: redisClient is not defined\n    at connectToRedisStore (/app/index.js:145:9)\n    at Server.<anonymous> (/app/index.js:372:5)\n    at Object.onceWrapper (node:events:628:28)\n    at Server.emit (node:events:526:35)\n    at emitListeningNT (node:net:1906:10)\n    at process.processTicksAndRejections (node:internal/process/task_queues:81:21)","timestamp":"2023-10-26T12:15:32.458Z"}
info: Group : {"timestamp":"2023-10-26T12:15:32.697Z"}
info: Group : {"timestamp":"2023-10-26T12:15:32.699Z"}
info: Group : {"timestamp":"2023-10-26T12:15:32.701Z"}
info: Group : {"timestamp":"2023-10-26T12:15:32.707Z"}
info: User: {"timestamp":"2023-10-26T12:15:32.707Z"}
info: User: {"timestamp":"2023-10-26T12:15:32.708Z"}
info: Group : {"timestamp":"2023-10-26T12:15:32.708Z"}
info: Trying to connect to Redis {"timestamp":"2023-10-26T12:16:02.204Z"}
error: error connectibg redis  redisClient is not defined {"stack":"ReferenceError: redisClient is not defined\n    at connectToRedisStore (/app/index.js:145:9)\n    at Server.<anonymous> (/app/index.js:372:5)\n    at Object.onceWrapper (node:events:628:28)\n    at Server.emit (node:events:526:35)\n    at emitListeningNT (node:net:1906:10)\n    at process.processTicksAndRejections (node:internal/process/task_queues:81:21)","timestamp":"2023-10-26T12:16:02.206Z"}
info: Group : {"timestamp":"2023-10-26T12:16:02.426Z"}
info: Group : {"timestamp":"2023-10-26T12:16:02.426Z"}
info: Group : {"timestamp":"2023-10-26T12:16:02.428Z"}
info: Group : {"timestamp":"2023-10-26T12:16:02.438Z"}
info: User: {"timestamp":"2023-10-26T12:16:02.438Z"}
info: Group : {"timestamp":"2023-10-26T12:16:02.439Z"}
info: User: {"timestamp":"2023-10-26T12:16:02.439Z"}
info: Trying to connect to Redis {"timestamp":"2023-10-26T12:17:14.582Z"}
error: error connectibg redis  redisClient is not defined {"stack":"ReferenceError: redisClient is not defined\n    at connectToRedisStore (/app/index.js:145:9)\n    at Server.<anonymous> (/app/index.js:372:5)\n    at Object.onceWrapper (node:events:628:28)\n    at Server.emit (node:events:526:35)\n    at emitListeningNT (node:net:1906:10)\n    at process.processTicksAndRejections (node:internal/process/task_queues:81:21)","timestamp":"2023-10-26T12:17:14.584Z"}
info: Group : {"timestamp":"2023-10-26T12:17:14.782Z"}
info: Group : {"timestamp":"2023-10-26T12:17:14.782Z"}
info: Group : {"timestamp":"2023-10-26T12:17:14.791Z"}
info: User: {"timestamp":"2023-10-26T12:17:14.791Z"}
info: User: {"timestamp":"2023-10-26T12:17:14.791Z"}
info: Group : {"timestamp":"2023-10-26T12:17:14.791Z"}
info: Group : {"timestamp":"2023-10-26T12:17:14.792Z"}
info: Trying to connect to Redis {"timestamp":"2023-10-26T12:17:30.101Z"}
error: error connectibg redis  redisClient is not defined {"stack":"ReferenceError: redisClient is not defined\n    at connectToRedisStore (/app/index.js:145:9)\n    at Server.<anonymous> (/app/index.js:372:5)\n    at Object.onceWrapper (node:events:628:28)\n    at Server.emit (node:events:526:35)\n    at emitListeningNT (node:net:1906:10)\n    at process.processTicksAndRejections (node:internal/process/task_queues:81:21)","timestamp":"2023-10-26T12:17:30.104Z"}
info: Group : {"timestamp":"2023-10-26T12:17:30.308Z"}
info: Group : {"timestamp":"2023-10-26T12:17:30.310Z"}
info: Group : {"timestamp":"2023-10-26T12:17:30.316Z"}
info: Group : {"timestamp":"2023-10-26T12:17:30.318Z"}
info: User: {"timestamp":"2023-10-26T12:17:30.318Z"}
info: Group : {"timestamp":"2023-10-26T12:17:30.318Z"}
info: User: {"timestamp":"2023-10-26T12:17:30.319Z"}
info: Trying to connect to Redis {"timestamp":"2023-10-26T12:18:35.558Z"}
error: error connectibg redis  redisClient is not defined {"stack":"ReferenceError: redisClient is not defined\n    at connectToRedisStore (/app/index.js:145:9)\n    at Server.<anonymous> (/app/index.js:372:5)\n    at Object.onceWrapper (node:events:628:28)\n    at Server.emit (node:events:526:35)\n    at emitListeningNT (node:net:1906:10)\n    at process.processTicksAndRejections (node:internal/process/task_queues:81:21)","timestamp":"2023-10-26T12:18:35.560Z"}
info: Group : {"timestamp":"2023-10-26T12:18:35.766Z"}
info: Group : {"timestamp":"2023-10-26T12:18:35.767Z"}
info: Group : {"timestamp":"2023-10-26T12:18:35.770Z"}
info: Group : {"timestamp":"2023-10-26T12:18:35.778Z"}
info: Group : {"timestamp":"2023-10-26T12:18:35.780Z"}
info: User: {"timestamp":"2023-10-26T12:18:35.780Z"}
info: User: {"timestamp":"2023-10-26T12:18:35.781Z"}
info: Trying to connect to Redis {"timestamp":"2023-10-26T12:19:47.795Z"}
error: error connectibg redis  redisClient is not defined {"stack":"ReferenceError: redisClient is not defined\n    at connectToRedisStore (/app/index.js:145:9)\n    at Server.<anonymous> (/app/index.js:372:5)\n    at Object.onceWrapper (node:events:628:28)\n    at Server.emit (node:events:526:35)\n    at emitListeningNT (node:net:1906:10)\n    at process.processTicksAndRejections (node:internal/process/task_queues:81:21)","timestamp":"2023-10-26T12:19:47.797Z"}
info: Group : {"timestamp":"2023-10-26T12:19:48.004Z"}
info: Group : {"timestamp":"2023-10-26T12:19:48.007Z"}
info: Group : {"timestamp":"2023-10-26T12:19:48.011Z"}
info: Group : {"timestamp":"2023-10-26T12:19:48.016Z"}
info: Group : {"timestamp":"2023-10-26T12:19:48.017Z"}
info: User: {"timestamp":"2023-10-26T12:19:48.018Z"}
info: User: {"timestamp":"2023-10-26T12:19:48.018Z"}
info: Trying to connect to Redis {"timestamp":"2023-10-26T12:23:43.249Z"}
error: error connectibg redis  redisClient is not defined {"stack":"ReferenceError: redisClient is not defined\n    at connectToRedisStore (/app/index.js:145:9)\n    at Server.<anonymous> (/app/index.js:372:5)\n    at Object.onceWrapper (node:events:628:28)\n    at Server.emit (node:events:526:35)\n    at emitListeningNT (node:net:1906:10)\n    at process.processTicksAndRejections (node:internal/process/task_queues:81:21)","timestamp":"2023-10-26T12:23:43.252Z"}
info: Group : {"timestamp":"2023-10-26T12:23:43.467Z"}
info: Group : {"timestamp":"2023-10-26T12:23:43.468Z"}
info: Group : {"timestamp":"2023-10-26T12:23:43.481Z"}
info: Group : {"timestamp":"2023-10-26T12:23:43.481Z"}
info: Group : {"timestamp":"2023-10-26T12:23:43.482Z"}
info: User: {"timestamp":"2023-10-26T12:23:43.482Z"}
info: User: {"timestamp":"2023-10-26T12:23:43.484Z"}
info: Trying to connect to Redis {"timestamp":"2023-10-26T12:24:15.243Z"}
error: error connectibg redis  redisClient is not defined {"stack":"ReferenceError: redisClient is not defined\n    at connectToRedisStore (/app/index.js:145:9)\n    at Server.<anonymous> (/app/index.js:372:5)\n    at Object.onceWrapper (node:events:628:28)\n    at Server.emit (node:events:526:35)\n    at emitListeningNT (node:net:1906:10)\n    at process.processTicksAndRejections (node:internal/process/task_queues:81:21)","timestamp":"2023-10-26T12:24:15.245Z"}
info: Group : {"timestamp":"2023-10-26T12:24:15.459Z"}
info: Group : {"timestamp":"2023-10-26T12:24:15.460Z"}
info: Group : {"timestamp":"2023-10-26T12:24:15.465Z"}
info: Group : {"timestamp":"2023-10-26T12:24:15.467Z"}
info: User: {"timestamp":"2023-10-26T12:24:15.468Z"}
info: User: {"timestamp":"2023-10-26T12:24:15.468Z"}
info: Group : {"timestamp":"2023-10-26T12:24:15.469Z"}
info: Trying to connect to Redis {"timestamp":"2023-10-26T12:39:41.735Z"}
error: error connectibg redis  redisClient is not defined {"stack":"ReferenceError: redisClient is not defined\n    at connectToRedisStore (/app/index.js:145:9)\n    at Server.<anonymous> (/app/index.js:372:5)\n    at Object.onceWrapper (node:events:628:28)\n    at Server.emit (node:events:526:35)\n    at emitListeningNT (node:net:1906:10)\n    at process.processTicksAndRejections (node:internal/process/task_queues:81:21)","timestamp":"2023-10-26T12:39:41.737Z"}
info: Group : {"timestamp":"2023-10-26T12:39:41.949Z"}
info: Group : {"timestamp":"2023-10-26T12:39:41.950Z"}
info: Group : {"timestamp":"2023-10-26T12:39:41.957Z"}
info: Group : {"timestamp":"2023-10-26T12:39:41.958Z"}
info: User: {"timestamp":"2023-10-26T12:39:41.958Z"}
info: Group : {"timestamp":"2023-10-26T12:39:41.960Z"}
info: User: {"timestamp":"2023-10-26T12:39:41.963Z"}
info: Trying to connect to Redis {"timestamp":"2023-10-26T12:40:46.442Z"}
error: error connectibg redis  redisClient is not defined {"stack":"ReferenceError: redisClient is not defined\n    at connectToRedisStore (/app/index.js:145:9)\n    at Server.<anonymous> (/app/index.js:372:5)\n    at Object.onceWrapper (node:events:628:28)\n    at Server.emit (node:events:526:35)\n    at emitListeningNT (node:net:1906:10)\n    at process.processTicksAndRejections (node:internal/process/task_queues:81:21)","timestamp":"2023-10-26T12:40:46.444Z"}
info: Group : {"timestamp":"2023-10-26T12:40:46.662Z"}
info: Group : {"timestamp":"2023-10-26T12:40:46.663Z"}
info: Group : {"timestamp":"2023-10-26T12:40:46.675Z"}
info: Group : {"timestamp":"2023-10-26T12:40:46.676Z"}
info: Group : {"timestamp":"2023-10-26T12:40:46.676Z"}
info: User: {"timestamp":"2023-10-26T12:40:46.676Z"}
info: User: {"timestamp":"2023-10-26T12:40:46.678Z"}
info: Trying to connect to Redis {"timestamp":"2023-10-26T12:41:09.531Z"}
error: error connectibg redis  redisClient is not defined {"stack":"ReferenceError: redisClient is not defined\n    at connectToRedisStore (/app/index.js:145:9)\n    at Server.<anonymous> (/app/index.js:372:5)\n    at Object.onceWrapper (node:events:628:28)\n    at Server.emit (node:events:526:35)\n    at emitListeningNT (node:net:1906:10)\n    at process.processTicksAndRejections (node:internal/process/task_queues:81:21)","timestamp":"2023-10-26T12:41:09.533Z"}
info: Group : {"timestamp":"2023-10-26T12:41:09.743Z"}
info: Group : {"timestamp":"2023-10-26T12:41:09.744Z"}
info: Group : {"timestamp":"2023-10-26T12:41:09.751Z"}
info: Group : {"timestamp":"2023-10-26T12:41:09.753Z"}
info: Group : {"timestamp":"2023-10-26T12:41:09.753Z"}
info: User: {"timestamp":"2023-10-26T12:41:09.754Z"}
info: User: {"timestamp":"2023-10-26T12:41:09.756Z"}
info: Trying to connect to Redis {"timestamp":"2023-10-26T12:41:37.809Z"}
error: error connectibg redis  redisClient is not defined {"stack":"ReferenceError: redisClient is not defined\n    at connectToRedisStore (/app/index.js:145:9)\n    at Server.<anonymous> (/app/index.js:372:5)\n    at Object.onceWrapper (node:events:628:28)\n    at Server.emit (node:events:526:35)\n    at emitListeningNT (node:net:1906:10)\n    at process.processTicksAndRejections (node:internal/process/task_queues:81:21)","timestamp":"2023-10-26T12:41:37.812Z"}
info: Group : {"timestamp":"2023-10-26T12:41:38.016Z"}
info: Group : {"timestamp":"2023-10-26T12:41:38.018Z"}
info: Group : {"timestamp":"2023-10-26T12:41:38.025Z"}
info: Group : {"timestamp":"2023-10-26T12:41:38.027Z"}
info: User: {"timestamp":"2023-10-26T12:41:38.028Z"}
info: Group : {"timestamp":"2023-10-26T12:41:38.028Z"}
info: User: {"timestamp":"2023-10-26T12:41:38.029Z"}
info: Trying to connect to Redis {"timestamp":"2023-10-26T13:04:04.295Z"}
error: error connectibg redis  redisClient is not defined {"stack":"ReferenceError: redisClient is not defined\n    at connectToRedisStore (/app/index.js:145:9)\n    at Server.<anonymous> (/app/index.js:372:5)\n    at Object.onceWrapper (node:events:628:28)\n    at Server.emit (node:events:526:35)\n    at emitListeningNT (node:net:1906:10)\n    at process.processTicksAndRejections (node:internal/process/task_queues:81:21)","timestamp":"2023-10-26T13:04:04.297Z"}
info: Group : {"timestamp":"2023-10-26T13:04:04.514Z"}
info: Group : {"timestamp":"2023-10-26T13:04:04.515Z"}
info: Group : {"timestamp":"2023-10-26T13:04:04.529Z"}
info: Group : {"timestamp":"2023-10-26T13:04:04.529Z"}
info: User: {"timestamp":"2023-10-26T13:04:04.530Z"}
info: Group : {"timestamp":"2023-10-26T13:04:04.531Z"}
info: User: {"timestamp":"2023-10-26T13:04:04.531Z"}
info: Trying to connect to Redis {"timestamp":"2023-10-26T13:05:37.420Z"}
error: error connectibg redis  redisClient is not defined {"stack":"ReferenceError: redisClient is not defined\n    at connectToRedisStore (/app/index.js:145:9)\n    at Server.<anonymous> (/app/index.js:372:5)\n    at Object.onceWrapper (node:events:628:28)\n    at Server.emit (node:events:526:35)\n    at emitListeningNT (node:net:1906:10)\n    at process.processTicksAndRejections (node:internal/process/task_queues:81:21)","timestamp":"2023-10-26T13:05:37.422Z"}
info: Group : {"timestamp":"2023-10-26T13:05:37.649Z"}
info: Group : {"timestamp":"2023-10-26T13:05:37.650Z"}
info: Group : {"timestamp":"2023-10-26T13:05:37.661Z"}
info: Group : {"timestamp":"2023-10-26T13:05:37.662Z"}
info: Group : {"timestamp":"2023-10-26T13:05:37.662Z"}
info: User: {"timestamp":"2023-10-26T13:05:37.662Z"}
info: User: {"timestamp":"2023-10-26T13:05:37.665Z"}
info: Trying to connect to Redis {"timestamp":"2023-10-26T13:07:00.858Z"}
error: error connectibg redis  redisClient is not defined {"stack":"ReferenceError: redisClient is not defined\n    at connectToRedisStore (/app/index.js:149:9)\n    at Server.<anonymous> (/app/index.js:376:5)\n    at Object.onceWrapper (node:events:628:28)\n    at Server.emit (node:events:526:35)\n    at emitListeningNT (node:net:1906:10)\n    at process.processTicksAndRejections (node:internal/process/task_queues:81:21)","timestamp":"2023-10-26T13:07:00.860Z"}
info: Group : {"timestamp":"2023-10-26T13:07:01.080Z"}
info: Group : {"timestamp":"2023-10-26T13:07:01.082Z"}
info: Group : {"timestamp":"2023-10-26T13:07:01.085Z"}
info: Group : {"timestamp":"2023-10-26T13:07:01.088Z"}
info: Group : {"timestamp":"2023-10-26T13:07:01.089Z"}
info: User: {"timestamp":"2023-10-26T13:07:01.090Z"}
info: User: {"timestamp":"2023-10-26T13:07:01.091Z"}
info: Trying to connect to Redis {"timestamp":"2023-10-26T13:10:36.847Z"}
error: error connectibg redis  redisClient is not defined {"stack":"ReferenceError: redisClient is not defined\n    at connectToRedisStore (/app/index.js:149:9)\n    at Server.<anonymous> (/app/index.js:376:5)\n    at Object.onceWrapper (node:events:628:28)\n    at Server.emit (node:events:526:35)\n    at emitListeningNT (node:net:1906:10)\n    at process.processTicksAndRejections (node:internal/process/task_queues:81:21)","timestamp":"2023-10-26T13:10:36.849Z"}
info: Group : {"timestamp":"2023-10-26T13:10:37.056Z"}
info: Group : {"timestamp":"2023-10-26T13:10:37.057Z"}
info: Group : {"timestamp":"2023-10-26T13:10:37.068Z"}
info: Group : {"timestamp":"2023-10-26T13:10:37.068Z"}
info: Group : {"timestamp":"2023-10-26T13:10:37.068Z"}
info: User: {"timestamp":"2023-10-26T13:10:37.069Z"}
info: User: {"timestamp":"2023-10-26T13:10:37.070Z"}
info: Trying to connect to Redis {"timestamp":"2023-10-26T13:14:11.165Z"}
error: error connectibg redis  redisClient is not defined {"stack":"ReferenceError: redisClient is not defined\n    at connectToRedisStore (/app/index.js:150:9)\n    at Server.<anonymous> (/app/index.js:377:5)\n    at Object.onceWrapper (node:events:628:28)\n    at Server.emit (node:events:526:35)\n    at emitListeningNT (node:net:1906:10)\n    at process.processTicksAndRejections (node:internal/process/task_queues:81:21)","timestamp":"2023-10-26T13:14:11.167Z"}
info: Group : {"timestamp":"2023-10-26T13:14:11.398Z"}
info: Group : {"timestamp":"2023-10-26T13:14:11.400Z"}
info: Group : {"timestamp":"2023-10-26T13:14:11.406Z"}
info: Group : {"timestamp":"2023-10-26T13:14:11.408Z"}
info: User: {"timestamp":"2023-10-26T13:14:11.408Z"}
info: Group : {"timestamp":"2023-10-26T13:14:11.409Z"}
info: User: {"timestamp":"2023-10-26T13:14:11.409Z"}
info: Trying to connect to Redis {"timestamp":"2023-10-26T13:14:54.345Z"}
error: error connectibg redis  redisClient is not defined {"stack":"ReferenceError: redisClient is not defined\n    at connectToRedisStore (/app/index.js:150:9)\n    at Server.<anonymous> (/app/index.js:377:5)\n    at Object.onceWrapper (node:events:628:28)\n    at Server.emit (node:events:526:35)\n    at emitListeningNT (node:net:1906:10)\n    at process.processTicksAndRejections (node:internal/process/task_queues:81:21)","timestamp":"2023-10-26T13:14:54.348Z"}
info: Group : {"timestamp":"2023-10-26T13:14:54.556Z"}
info: Group : {"timestamp":"2023-10-26T13:14:54.557Z"}
info: Group : {"timestamp":"2023-10-26T13:14:54.566Z"}
info: Group : {"timestamp":"2023-10-26T13:14:54.567Z"}
info: Group : {"timestamp":"2023-10-26T13:14:54.567Z"}
info: User: {"timestamp":"2023-10-26T13:14:54.568Z"}
info: User: {"timestamp":"2023-10-26T13:14:54.571Z"}
info: Trying to connect to Redis {"timestamp":"2023-10-26T13:16:27.035Z"}
error: error connectibg redis  redisClient is not defined {"stack":"ReferenceError: redisClient is not defined\n    at connectToRedisStore (/app/index.js:150:9)\n    at Server.<anonymous> (/app/index.js:377:5)\n    at Object.onceWrapper (node:events:628:28)\n    at Server.emit (node:events:526:35)\n    at emitListeningNT (node:net:1906:10)\n    at process.processTicksAndRejections (node:internal/process/task_queues:81:21)","timestamp":"2023-10-26T13:16:27.037Z"}
info: Group : {"timestamp":"2023-10-26T13:16:27.246Z"}
info: Group : {"timestamp":"2023-10-26T13:16:27.247Z"}
info: Group : {"timestamp":"2023-10-26T13:16:27.256Z"}
info: Group : {"timestamp":"2023-10-26T13:16:27.256Z"}
info: Group : {"timestamp":"2023-10-26T13:16:27.257Z"}
info: User: {"timestamp":"2023-10-26T13:16:27.258Z"}
info: User: {"timestamp":"2023-10-26T13:16:27.259Z"}
info: Trying to connect to Redis {"timestamp":"2023-10-26T13:16:56.031Z"}
error: error connectibg redis  redisClient is not defined {"stack":"ReferenceError: redisClient is not defined\n    at connectToRedisStore (/app/index.js:150:9)\n    at Server.<anonymous> (/app/index.js:377:5)\n    at Object.onceWrapper (node:events:628:28)\n    at Server.emit (node:events:526:35)\n    at emitListeningNT (node:net:1906:10)\n    at process.processTicksAndRejections (node:internal/process/task_queues:81:21)","timestamp":"2023-10-26T13:16:56.034Z"}
info: Group : {"timestamp":"2023-10-26T13:16:56.239Z"}
info: Group : {"timestamp":"2023-10-26T13:16:56.240Z"}
info: Group : {"timestamp":"2023-10-26T13:16:56.247Z"}
info: Group : {"timestamp":"2023-10-26T13:16:56.248Z"}
info: Group : {"timestamp":"2023-10-26T13:16:56.248Z"}
info: User: {"timestamp":"2023-10-26T13:16:56.249Z"}
info: User: {"timestamp":"2023-10-26T13:16:56.251Z"}
info: Trying to connect to Redis {"timestamp":"2023-10-26T13:17:38.677Z"}
error: error connectibg redis  redisClient is not defined {"stack":"ReferenceError: redisClient is not defined\n    at connectToRedisStore (/app/index.js:151:9)\n    at Server.<anonymous> (/app/index.js:378:5)\n    at Object.onceWrapper (node:events:628:28)\n    at Server.emit (node:events:526:35)\n    at emitListeningNT (node:net:1906:10)\n    at process.processTicksAndRejections (node:internal/process/task_queues:81:21)","timestamp":"2023-10-26T13:17:38.679Z"}
info: Group : {"timestamp":"2023-10-26T13:17:38.886Z"}
info: Group : {"timestamp":"2023-10-26T13:17:38.889Z"}
info: Group : {"timestamp":"2023-10-26T13:17:38.892Z"}
info: Group : {"timestamp":"2023-10-26T13:17:38.897Z"}
info: User: {"timestamp":"2023-10-26T13:17:38.897Z"}
info: User: {"timestamp":"2023-10-26T13:17:38.897Z"}
info: Group : {"timestamp":"2023-10-26T13:17:38.898Z"}
info: Trying to connect to Redis {"timestamp":"2023-10-26T13:18:37.369Z"}
error: error connectibg redis  redisClient is not defined {"stack":"ReferenceError: redisClient is not defined\n    at connectToRedisStore (/app/index.js:151:9)\n    at Server.<anonymous> (/app/index.js:378:5)\n    at Object.onceWrapper (node:events:628:28)\n    at Server.emit (node:events:526:35)\n    at emitListeningNT (node:net:1906:10)\n    at process.processTicksAndRejections (node:internal/process/task_queues:81:21)","timestamp":"2023-10-26T13:18:37.372Z"}
info: Group : {"timestamp":"2023-10-26T13:18:37.578Z"}
info: Group : {"timestamp":"2023-10-26T13:18:37.579Z"}
info: Group : {"timestamp":"2023-10-26T13:18:37.582Z"}
info: Group : {"timestamp":"2023-10-26T13:18:37.586Z"}
info: User: {"timestamp":"2023-10-26T13:18:37.586Z"}
info: User: {"timestamp":"2023-10-26T13:18:37.587Z"}
info: Group : {"timestamp":"2023-10-26T13:18:37.588Z"}
info: Trying to connect to Redis {"timestamp":"2023-10-26T13:19:43.125Z"}
error: error connectibg redis  redisClient is not defined {"stack":"ReferenceError: redisClient is not defined\n    at connectToRedisStore (/app/index.js:144:9)\n    at Server.<anonymous> (/app/index.js:371:5)\n    at Object.onceWrapper (node:events:628:28)\n    at Server.emit (node:events:526:35)\n    at emitListeningNT (node:net:1906:10)\n    at process.processTicksAndRejections (node:internal/process/task_queues:81:21)","timestamp":"2023-10-26T13:19:43.127Z"}
info: Group : {"timestamp":"2023-10-26T13:19:43.336Z"}
info: Group : {"timestamp":"2023-10-26T13:19:43.337Z"}
info: Group : {"timestamp":"2023-10-26T13:19:43.338Z"}
info: Group : {"timestamp":"2023-10-26T13:19:43.346Z"}
info: Group : {"timestamp":"2023-10-26T13:19:43.346Z"}
info: User: {"timestamp":"2023-10-26T13:19:43.346Z"}
info: User: {"timestamp":"2023-10-26T13:19:43.347Z"}
info: Trying to connect to Redis {"timestamp":"2023-10-26T13:20:40.563Z"}
error: error connectibg redis  redisClient is not defined {"stack":"ReferenceError: redisClient is not defined\n    at connectToRedisStore (/app/index.js:143:9)\n    at Server.<anonymous> (/app/index.js:370:5)\n    at Object.onceWrapper (node:events:628:28)\n    at Server.emit (node:events:526:35)\n    at emitListeningNT (node:net:1906:10)\n    at process.processTicksAndRejections (node:internal/process/task_queues:81:21)","timestamp":"2023-10-26T13:20:40.565Z"}
info: Group : {"timestamp":"2023-10-26T13:20:40.798Z"}
info: Group : {"timestamp":"2023-10-26T13:20:40.801Z"}
info: Group : {"timestamp":"2023-10-26T13:20:40.807Z"}
info: Group : {"timestamp":"2023-10-26T13:20:40.809Z"}
info: User: {"timestamp":"2023-10-26T13:20:40.810Z"}
info: Group : {"timestamp":"2023-10-26T13:20:40.810Z"}
info: User: {"timestamp":"2023-10-26T13:20:40.811Z"}
info: Trying to connect to Redis {"timestamp":"2023-10-26T13:20:59.697Z"}
error: error connectibg redis  redisClient is not defined {"stack":"ReferenceError: redisClient is not defined\n    at connectToRedisStore (/app/index.js:116:9)\n    at Server.<anonymous> (/app/index.js:343:5)\n    at Object.onceWrapper (node:events:628:28)\n    at Server.emit (node:events:526:35)\n    at emitListeningNT (node:net:1906:10)\n    at process.processTicksAndRejections (node:internal/process/task_queues:81:21)","timestamp":"2023-10-26T13:20:59.699Z"}
info: Group : {"timestamp":"2023-10-26T13:20:59.905Z"}
info: Group : {"timestamp":"2023-10-26T13:20:59.906Z"}
info: Group : {"timestamp":"2023-10-26T13:20:59.917Z"}
info: Group : {"timestamp":"2023-10-26T13:20:59.917Z"}
info: User: {"timestamp":"2023-10-26T13:20:59.918Z"}
info: Group : {"timestamp":"2023-10-26T13:20:59.920Z"}
info: User: {"timestamp":"2023-10-26T13:20:59.920Z"}
info: Group : {"timestamp":"2023-10-26T13:21:24.861Z"}
info: Group : {"timestamp":"2023-10-26T13:21:24.864Z"}
info: Group : {"timestamp":"2023-10-26T13:21:24.868Z"}
info: Group : {"timestamp":"2023-10-26T13:21:24.874Z"}
info: User: {"timestamp":"2023-10-26T13:21:24.874Z"}
info: Group : {"timestamp":"2023-10-26T13:21:24.874Z"}
info: User: {"timestamp":"2023-10-26T13:21:24.875Z"}
